===== 座位监控系统日志 - 2025-10-05 14:37:21 =====
[2025-10-05 14:37:21.167] [INFO] 已加载配置文件中的监控区域，大小: 1280x720
[2025-10-05 14:37:21.168] [INFO] 使用简化版检测模式，不加载已知人脸数据
[2025-10-05 14:37:21.168] [INFO] 静态检测已禁用，使用简化的前景检测模式
[2025-10-05 14:37:21.168] [INFO] 背景减除器初始化成功: 历史帧=300, 方差阈值=10, 学习率=0.01
[2025-10-05 14:37:21.168] [INFO] 座位监控系统已启动，按'q'键退出
[2025-10-05 14:37:21.404] [ERROR] 处理帧时出错: 'SeatMonitor' object has no attribute 'update_occupancy_status'
[2025-10-05 14:37:21.908] [ERROR] 处理帧时出错: 'SeatMonitor' object has no attribute 'update_occupancy_status'
[2025-10-05 14:37:22.411] [ERROR] 处理帧时出错: 'SeatMonitor' object has no attribute 'update_occupancy_status'
[2025-10-05 14:37:22.915] [ERROR] 处理帧时出错: 'SeatMonitor' object has no attribute 'update_occupancy_status'
[2025-10-05 14:37:23.420] [ERROR] 处理帧时出错: 'SeatMonitor' object has no attribute 'update_occupancy_status'
[2025-10-05 14:37:23.926] [ERROR] 处理帧时出错: 'SeatMonitor' object has no attribute 'update_occupancy_status'
[2025-10-05 14:37:24.429] [ERROR] 处理帧时出错: 'SeatMonitor' object has no attribute 'update_occupancy_status'
[2025-10-05 14:37:24.935] [ERROR] 处理帧时出错: 'SeatMonitor' object has no attribute 'update_occupancy_status'
[2025-10-05 14:37:25.442] [ERROR] 处理帧时出错: 'SeatMonitor' object has no attribute 'update_occupancy_status'
[2025-10-05 14:37:25.945] [ERROR] 处理帧时出错: 'SeatMonitor' object has no attribute 'update_occupancy_status'
[2025-10-05 14:37:26.449] [ERROR] 处理帧时出错: 'SeatMonitor' object has no attribute 'update_occupancy_status'
[2025-10-05 14:37:26.953] [ERROR] 处理帧时出错: 'SeatMonitor' object has no attribute 'update_occupancy_status'
[2025-10-05 14:37:27.458] [ERROR] 处理帧时出错: 'SeatMonitor' object has no attribute 'update_occupancy_status'
[2025-10-05 14:37:27.961] [ERROR] 处理帧时出错: 'SeatMonitor' object has no attribute 'update_occupancy_status'
[2025-10-05 14:37:28.465] [ERROR] 处理帧时出错: 'SeatMonitor' object has no attribute 'update_occupancy_status'
[2025-10-05 14:37:28.969] [ERROR] 处理帧时出错: 'SeatMonitor' object has no attribute 'update_occupancy_status'
[2025-10-05 14:37:29.472] [ERROR] 处理帧时出错: 'SeatMonitor' object has no attribute 'update_occupancy_status'
[2025-10-05 14:37:29.975] [ERROR] 处理帧时出错: 'SeatMonitor' object has no attribute 'update_occupancy_status'
[2025-10-05 14:37:30.480] [ERROR] 处理帧时出错: 'SeatMonitor' object has no attribute 'update_occupancy_status'
[2025-10-05 14:37:30.983] [ERROR] 处理帧时出错: 'SeatMonitor' object has no attribute 'update_occupancy_status'
[2025-10-05 14:37:31.486] [ERROR] 处理帧时出错: 'SeatMonitor' object has no attribute 'update_occupancy_status'
[2025-10-05 14:37:31.991] [ERROR] 处理帧时出错: 'SeatMonitor' object has no attribute 'update_occupancy_status'
[2025-10-05 14:37:32.495] [ERROR] 处理帧时出错: 'SeatMonitor' object has no attribute 'update_occupancy_status'
[2025-10-05 14:37:33.000] [ERROR] 处理帧时出错: 'SeatMonitor' object has no attribute 'update_occupancy_status'
[2025-10-05 14:37:33.505] [ERROR] 处理帧时出错: 'SeatMonitor' object has no attribute 'update_occupancy_status'
[2025-10-05 14:37:34.009] [ERROR] 处理帧时出错: 'SeatMonitor' object has no attribute 'update_occupancy_status'
[2025-10-05 14:37:34.513] [ERROR] 处理帧时出错: 'SeatMonitor' object has no attribute 'update_occupancy_status'
[2025-10-05 14:37:35.017] [ERROR] 处理帧时出错: 'SeatMonitor' object has no attribute 'update_occupancy_status'
[2025-10-05 14:37:35.522] [ERROR] 处理帧时出错: 'SeatMonitor' object has no attribute 'update_occupancy_status'
[2025-10-05 14:37:36.026] [ERROR] 处理帧时出错: 'SeatMonitor' object has no attribute 'update_occupancy_status'
[2025-10-05 14:37:36.530] [ERROR] 处理帧时出错: 'SeatMonitor' object has no attribute 'update_occupancy_status'
[2025-10-05 14:37:37.035] [ERROR] 处理帧时出错: 'SeatMonitor' object has no attribute 'update_occupancy_status'
[2025-10-05 14:37:37.539] [ERROR] 处理帧时出错: 'SeatMonitor' object has no attribute 'update_occupancy_status'
[2025-10-05 14:37:38.044] [ERROR] 处理帧时出错: 'SeatMonitor' object has no attribute 'update_occupancy_status'
[2025-10-05 14:37:38.548] [ERROR] 处理帧时出错: 'SeatMonitor' object has no attribute 'update_occupancy_status'
[2025-10-05 14:37:39.052] [ERROR] 处理帧时出错: 'SeatMonitor' object has no attribute 'update_occupancy_status'
[2025-10-05 14:37:39.557] [ERROR] 处理帧时出错: 'SeatMonitor' object has no attribute 'update_occupancy_status'
[2025-10-05 14:37:40.061] [ERROR] 处理帧时出错: 'SeatMonitor' object has no attribute 'update_occupancy_status'
[2025-10-05 14:37:40.567] [ERROR] 处理帧时出错: 'SeatMonitor' object has no attribute 'update_occupancy_status'
[2025-10-05 14:37:41.070] [ERROR] 处理帧时出错: 'SeatMonitor' object has no attribute 'update_occupancy_status'
[2025-10-05 14:37:41.573] [ERROR] 处理帧时出错: 'SeatMonitor' object has no attribute 'update_occupancy_status'
[2025-10-05 14:37:42.077] [ERROR] 处理帧时出错: 'SeatMonitor' object has no attribute 'update_occupancy_status'
[2025-10-05 14:37:42.580] [ERROR] 处理帧时出错: 'SeatMonitor' object has no attribute 'update_occupancy_status'
[2025-10-05 14:37:43.084] [ERROR] 处理帧时出错: 'SeatMonitor' object has no attribute 'update_occupancy_status'
[2025-10-05 14:37:43.589] [ERROR] 处理帧时出错: 'SeatMonitor' object has no attribute 'update_occupancy_status'
[2025-10-05 14:37:44.094] [ERROR] 处理帧时出错: 'SeatMonitor' object has no attribute 'update_occupancy_status'
[2025-10-05 14:37:44.598] [ERROR] 处理帧时出错: 'SeatMonitor' object has no attribute 'update_occupancy_status'
[2025-10-05 14:37:45.103] [ERROR] 处理帧时出错: 'SeatMonitor' object has no attribute 'update_occupancy_status'
[2025-10-05 14:37:45.608] [ERROR] 处理帧时出错: 'SeatMonitor' object has no attribute 'update_occupancy_status'
[2025-10-05 14:37:46.112] [ERROR] 处理帧时出错: 'SeatMonitor' object has no attribute 'update_occupancy_status'
[2025-10-05 14:37:46.617] [ERROR] 处理帧时出错: 'SeatMonitor' object has no attribute 'update_occupancy_status'
[2025-10-05 14:37:47.122] [ERROR] 处理帧时出错: 'SeatMonitor' object has no attribute 'update_occupancy_status'
[2025-10-05 14:37:47.629] [ERROR] 处理帧时出错: 'SeatMonitor' object has no attribute 'update_occupancy_status'
[2025-10-05 14:37:48.133] [ERROR] 处理帧时出错: 'SeatMonitor' object has no attribute 'update_occupancy_status'
[2025-10-05 14:37:48.637] [ERROR] 处理帧时出错: 'SeatMonitor' object has no attribute 'update_occupancy_status'
[2025-10-05 14:37:49.141] [ERROR] 处理帧时出错: 'SeatMonitor' object has no attribute 'update_occupancy_status'
[2025-10-05 14:37:49.645] [ERROR] 处理帧时出错: 'SeatMonitor' object has no attribute 'update_occupancy_status'
[2025-10-05 14:37:50.149] [ERROR] 处理帧时出错: 'SeatMonitor' object has no attribute 'update_occupancy_status'
[2025-10-05 14:37:50.653] [ERROR] 处理帧时出错: 'SeatMonitor' object has no attribute 'update_occupancy_status'
[2025-10-05 14:37:51.157] [ERROR] 处理帧时出错: 'SeatMonitor' object has no attribute 'update_occupancy_status'
[2025-10-05 14:37:51.661] [ERROR] 处理帧时出错: 'SeatMonitor' object has no attribute 'update_occupancy_status'
[2025-10-05 14:37:52.165] [ERROR] 处理帧时出错: 'SeatMonitor' object has no attribute 'update_occupancy_status'
[2025-10-05 14:37:52.669] [ERROR] 处理帧时出错: 'SeatMonitor' object has no attribute 'update_occupancy_status'
[2025-10-05 14:37:53.172] [ERROR] 处理帧时出错: 'SeatMonitor' object has no attribute 'update_occupancy_status'
